<?xml version="1.0" encoding="UTF-8"?>
<beans:beans xmlns="http://www.springframework.org/schema/mvc"
	xmlns:mvc="http://www.springframework.org/schema/mvc"
	xmlns:xsi="http://www.w3.org/2001/XMLSchema-instance"
	xmlns:beans="http://www.springframework.org/schema/beans"
	xmlns:context="http://www.springframework.org/schema/context"
	xmlns:aop="http://www.springframework.org/schema/aop"
	xmlns:task="http://www.springframework.org/schema/task"
	xsi:schemaLocation="
        http://www.springframework.org/schema/mvc http://www.springframework.org/schema/mvc/spring-mvc-4.2.xsd
        http://www.springframework.org/schema/beans http://www.springframework.org/schema/beans/spring-beans-4.2.xsd
        http://www.springframework.org/schema/context http://www.springframework.org/schema/context/spring-context-4.2.xsd
        http://www.springframework.org/schema/aop http://www.springframework.org/schema/aop/spring-aop-4.2.xsd
        http://www.springframework.org/schema/task http://www.springframework.org/schema/task/spring-task-4.2.xsd">
	
	<context:component-scan base-package="com.duoshouji.server.internal,com.duoshouji.server.rest,com.duoshouji.server.service,com.duoshouji.server.util"/>
	<mvc:annotation-driven>
		<mvc:message-converters>
			<beans:bean class="org.springframework.http.converter.json.MappingJackson2HttpMessageConverter"/>
		</mvc:message-converters>
	</mvc:annotation-driven>
	
    <beans:bean id="handlerMapping"
            class="org.springframework.web.servlet.mvc.method.annotation.RequestMappingHandlerMapping">
        <beans:property name="interceptors">
            <beans:list>
                <beans:ref bean="authenticationInterceptor"/>
            </beans:list>
        </beans:property>
    </beans:bean>
    <beans:bean id="authenticationInterceptor" class="com.duoshouji.server.rest.interceptor.AuthenticationInterceptor"/>
    <beans:bean id="mockMessageSender" class="com.duoshouji.server.MockMessageSender"/>
    <beans:bean id="mockMysqlDao" class="com.duoshouji.server.MockMysqlDao"/>
    <beans:bean id="mockTokenManager" class="com.duoshouji.server.MockTokenManager"/>

</beans:beans>
